<?xml version="1.0" encoding="UTF-8"?>
<!-- Generated by org.testng.reporters.JUnitXMLReporter -->
<testsuite ignored="0" hostname="DESKTOP-S4MKK2N" failures="0" tests="5" name="Default test" time="0.098" errors="0" timestamp="2023-01-27T22:53:19 IST">
  <testcase classname="TestNGParallel.TestNG_Parallel1" name="TC1" time="0.016"/>
  <testcase classname="TestNGParallel.TestNG_Parallel1" name="TC1" time="0.019"/>
  <testcase classname="TestNGParallel.TestNG_Parallel1" name="TC1" time="0.02"/>
  <testcase classname="TestNGParallel.TestNG_Parallel1" name="TC2" time="0.002"/>
  <testcase classname="TestNGParallel.TestNG_Parallel1" name="TC3" time="0.002"/>
</testsuite> <!-- Default test -->
